{"message":"Send message {\"sender\":\"KENICAJYD9XQEOATSBMWYPZOIICKHENBUKPHN9FZXCYTMDXVFWOSJNCZCFWQGKRIULOWMMYQVGOEQFQLZ\"} to FODEYEQHYCWYTDEDWZLPCLRDIU9RFKU9AFQSEOR9RSGEPDGQBGMYXIQCENBDGYFFS9AJK9GJJZJGEUEW9","level":"info"}
{"message":"Send error: Error: Invalid transfers object","level":"error"}
{"message":"Send error: Error: Invalid transfers object","level":"error"}
{"message":"Send message {\"sender\":\"KENICAJYD9XQEOATSBMWYPZOIICKHENBUKPHN9FZXCYTMDXVFWOSJNCZCFWQGKRIULOWMMYQVGOEQFQLZ\",\"signedChallenge\":\"XSECRET\"} to FODEYEQHYCWYTDEDWZLPCLRDIU9RFKU9AFQSEOR9RSGEPDGQBGMYXIQCENBDGYFFS9AJK9GJJZJGEUEW9","level":"info"}
{"message":"Send message {\"sender\":\"KENICAJYD9XQEOATSBMWYPZOIICKHENBUKPHN9FZXCYTMDXVFWOSJNCZCFWQGKRIULOWMMYQVGOEQFQLZ\"} to FODEYEQHYCWYTDEDWZLPCLRDIU9RFKU9AFQSEOR9RSGEPDGQBGMYXIQCENBDGYFFS9AJK9GJJZJGEUEW9","level":"info"}
{"message":"Send message {\"sender\":\"KENICAJYD9XQEOATSBMWYPZOIICKHENBUKPHN9FZXCYTMDXVFWOSJNCZCFWQGKRIULOWMMYQVGOEQFQLZ\",\"signedChallenge\":\"XSECRET\"} to FODEYEQHYCWYTDEDWZLPCLRDIU9RFKU9AFQSEOR9RSGEPDGQBGMYXIQCENBDGYFFS9AJK9GJJZJGEUEW9","level":"info"}
{"message":"Send message {\"sender\":\"KENICAJYD9XQEOATSBMWYPZOIICKHENBUKPHN9FZXCYTMDXVFWOSJNCZCFWQGKRIULOWMMYQVGOEQFQLZ\",\"signedChallenge\":\"XSECRET\"} to FODEYEQHYCWYTDEDWZLPCLRDIU9RFKU9AFQSEOR9RSGEPDGQBGMYXIQCENBDGYFFS9AJK9GJJZJGEUEW9","level":"info"}
{"message":"Retrieving claim result for FODEYEQHYCWYTDEDWZLPCLRDIU9RFKU9AFQSEOR9RSGEPDGQBGMYXIQCENBDGYFFS9AJK9GJJZJGEUEW9","level":"info"}
{"message":"Initiate device claim of FODEYEQHYCWYTDEDWZLPCLRDIU9RFKU9AFQSEOR9RSGEPDGQBGMYXIQCENBDGYFFS9AJK9GJJZJGEUEW9","level":"info"}
{"message":"Send message {\"sender\":\"KENICAJYD9XQEOATSBMWYPZOIICKHENBUKPHN9FZXCYTMDXVFWOSJNCZCFWQGKRIULOWMMYQVGOEQFQLZ\"} to FODEYEQHYCWYTDEDWZLPCLRDIU9RFKU9AFQSEOR9RSGEPDGQBGMYXIQCENBDGYFFS9AJK9GJJZJGEUEW9","level":"info"}
{"message":"Answering challenge of FODEYEQHYCWYTDEDWZLPCLRDIU9RFKU9AFQSEOR9RSGEPDGQBGMYXIQCENBDGYFFS9AJK9GJJZJGEUEW9","level":"info"}
{"message":"Send message {\"sender\":\"KENICAJYD9XQEOATSBMWYPZOIICKHENBUKPHN9FZXCYTMDXVFWOSJNCZCFWQGKRIULOWMMYQVGOEQFQLZ\",\"signedChallenge\":\"Xundefined\"} to FODEYEQHYCWYTDEDWZLPCLRDIU9RFKU9AFQSEOR9RSGEPDGQBGMYXIQCENBDGYFFS9AJK9GJJZJGEUEW9","level":"info"}
{"message":"Retrieving claim result for FODEYEQHYCWYTDEDWZLPCLRDIU9RFKU9AFQSEOR9RSGEPDGQBGMYXIQCENBDGYFFS9AJK9GJJZJGEUEW9","level":"info"}
{"message":"Initiate device claim of FODEYEQHYCWYTDEDWZLPCLRDIU9RFKU9AFQSEOR9RSGEPDGQBGMYXIQCENBDGYFFS9AJK9GJJZJGEUEW9","level":"info"}
{"message":"Send message {\"sender\":\"KENICAJYD9XQEOATSBMWYPZOIICKHENBUKPHN9FZXCYTMDXVFWOSJNCZCFWQGKRIULOWMMYQVGOEQFQLZ\"} to FODEYEQHYCWYTDEDWZLPCLRDIU9RFKU9AFQSEOR9RSGEPDGQBGMYXIQCENBDGYFFS9AJK9GJJZJGEUEW9","level":"info"}
{"message":"Answering challenge of FODEYEQHYCWYTDEDWZLPCLRDIU9RFKU9AFQSEOR9RSGEPDGQBGMYXIQCENBDGYFFS9AJK9GJJZJGEUEW9","level":"info"}
{"message":"Send message {\"sender\":\"KENICAJYD9XQEOATSBMWYPZOIICKHENBUKPHN9FZXCYTMDXVFWOSJNCZCFWQGKRIULOWMMYQVGOEQFQLZ\",\"signedChallenge\":\"Xundefined\"} to FODEYEQHYCWYTDEDWZLPCLRDIU9RFKU9AFQSEOR9RSGEPDGQBGMYXIQCENBDGYFFS9AJK9GJJZJGEUEW9","level":"info"}
{"message":"Retrieving claim result for FODEYEQHYCWYTDEDWZLPCLRDIU9RFKU9AFQSEOR9RSGEPDGQBGMYXIQCENBDGYFFS9AJK9GJJZJGEUEW9","level":"info"}
{"message":"Initiate device claim of FODEYEQHYCWYTDEDWZLPCLRDIU9RFKU9AFQSEOR9RSGEPDGQBGMYXIQCENBDGYFFS9AJK9GJJZJGEUEW9","level":"info"}
{"message":"Send message {\"sender\":\"KENICAJYD9XQEOATSBMWYPZOIICKHENBUKPHN9FZXCYTMDXVFWOSJNCZCFWQGKRIULOWMMYQVGOEQFQLZ\"} to FODEYEQHYCWYTDEDWZLPCLRDIU9RFKU9AFQSEOR9RSGEPDGQBGMYXIQCENBDGYFFS9AJK9GJJZJGEUEW9","level":"info"}
{"message":"Answering challenge of FODEYEQHYCWYTDEDWZLPCLRDIU9RFKU9AFQSEOR9RSGEPDGQBGMYXIQCENBDGYFFS9AJK9GJJZJGEUEW9","level":"info"}
{"message":"Send message {\"sender\":\"KENICAJYD9XQEOATSBMWYPZOIICKHENBUKPHN9FZXCYTMDXVFWOSJNCZCFWQGKRIULOWMMYQVGOEQFQLZ\",\"signedChallenge\":\"Xundefined\"} to FODEYEQHYCWYTDEDWZLPCLRDIU9RFKU9AFQSEOR9RSGEPDGQBGMYXIQCENBDGYFFS9AJK9GJJZJGEUEW9","level":"info"}
{"message":"Retrieving claim result for FODEYEQHYCWYTDEDWZLPCLRDIU9RFKU9AFQSEOR9RSGEPDGQBGMYXIQCENBDGYFFS9AJK9GJJZJGEUEW9","level":"info"}
{"message":"Initiate device claim of FODEYEQHYCWYTDEDWZLPCLRDIU9RFKU9AFQSEOR9RSGEPDGQBGMYXIQCENBDGYFFS9AJK9GJJZJGEUEW9","level":"info"}
{"message":"Send message {\"sender\":\"KENICAJYD9XQEOATSBMWYPZOIICKHENBUKPHN9FZXCYTMDXVFWOSJNCZCFWQGKRIULOWMMYQVGOEQFQLZ\"} to FODEYEQHYCWYTDEDWZLPCLRDIU9RFKU9AFQSEOR9RSGEPDGQBGMYXIQCENBDGYFFS9AJK9GJJZJGEUEW9","level":"info"}
{"message":"HALLO[object Object]","level":"info"}
{"message":"Answering challenge of FODEYEQHYCWYTDEDWZLPCLRDIU9RFKU9AFQSEOR9RSGEPDGQBGMYXIQCENBDGYFFS9AJK9GJJZJGEUEW9","level":"info"}
{"message":"Send message {\"sender\":\"KENICAJYD9XQEOATSBMWYPZOIICKHENBUKPHN9FZXCYTMDXVFWOSJNCZCFWQGKRIULOWMMYQVGOEQFQLZ\",\"signedChallenge\":\"Xundefined\"} to FODEYEQHYCWYTDEDWZLPCLRDIU9RFKU9AFQSEOR9RSGEPDGQBGMYXIQCENBDGYFFS9AJK9GJJZJGEUEW9","level":"info"}
{"message":"Retrieving claim result for FODEYEQHYCWYTDEDWZLPCLRDIU9RFKU9AFQSEOR9RSGEPDGQBGMYXIQCENBDGYFFS9AJK9GJJZJGEUEW9","level":"info"}
{"message":"Initiate device claim of FODEYEQHYCWYTDEDWZLPCLRDIU9RFKU9AFQSEOR9RSGEPDGQBGMYXIQCENBDGYFFS9AJK9GJJZJGEUEW9","level":"info"}
{"message":"Send message {\"sender\":\"KENICAJYD9XQEOATSBMWYPZOIICKHENBUKPHN9FZXCYTMDXVFWOSJNCZCFWQGKRIULOWMMYQVGOEQFQLZ\"} to FODEYEQHYCWYTDEDWZLPCLRDIU9RFKU9AFQSEOR9RSGEPDGQBGMYXIQCENBDGYFFS9AJK9GJJZJGEUEW9","level":"info"}
{"message":"HALLO{\"sender\":\"FODEYEQHYCWYTDEDWZLPCLRDIU9RFKU9AFQSEOR9RSGEPDGQBGMYXIQCENBDGYFFS9AJK9GJJZJGEUEW9\",\"status\":\"OK\",\"mamData\":{\"root\":\"ROOT\",\"sideKey\":\"SIDEKEY\"}}","level":"info"}
{"message":"Answering challenge of FODEYEQHYCWYTDEDWZLPCLRDIU9RFKU9AFQSEOR9RSGEPDGQBGMYXIQCENBDGYFFS9AJK9GJJZJGEUEW9","level":"info"}
{"message":"Send message {\"sender\":\"KENICAJYD9XQEOATSBMWYPZOIICKHENBUKPHN9FZXCYTMDXVFWOSJNCZCFWQGKRIULOWMMYQVGOEQFQLZ\",\"signedChallenge\":\"Xundefined\"} to FODEYEQHYCWYTDEDWZLPCLRDIU9RFKU9AFQSEOR9RSGEPDGQBGMYXIQCENBDGYFFS9AJK9GJJZJGEUEW9","level":"info"}
{"message":"Retrieving claim result for FODEYEQHYCWYTDEDWZLPCLRDIU9RFKU9AFQSEOR9RSGEPDGQBGMYXIQCENBDGYFFS9AJK9GJJZJGEUEW9","level":"info"}
{"message":"Initiate device claim of FODEYEQHYCWYTDEDWZLPCLRDIU9RFKU9AFQSEOR9RSGEPDGQBGMYXIQCENBDGYFFS9AJK9GJJZJGEUEW9","level":"info"}
{"message":"Send message {\"sender\":\"KENICAJYD9XQEOATSBMWYPZOIICKHENBUKPHN9FZXCYTMDXVFWOSJNCZCFWQGKRIULOWMMYQVGOEQFQLZ\"} to FODEYEQHYCWYTDEDWZLPCLRDIU9RFKU9AFQSEOR9RSGEPDGQBGMYXIQCENBDGYFFS9AJK9GJJZJGEUEW9","level":"info"}
{"message":"HALLO{\"sender\":\"FODEYEQHYCWYTDEDWZLPCLRDIU9RFKU9AFQSEOR9RSGEPDGQBGMYXIQCENBDGYFFS9AJK9GJJZJGEUEW9\",\"status\":\"OK\",\"mamData\":{\"root\":\"ROOT\",\"sideKey\":\"SIDEKEY\"}}","level":"info"}
{"message":"Retrieving claim result for FODEYEQHYCWYTDEDWZLPCLRDIU9RFKU9AFQSEOR9RSGEPDGQBGMYXIQCENBDGYFFS9AJK9GJJZJGEUEW9","level":"info"}
{"message":"Initiate device claim of FODEYEQHYCWYTDEDWZLPCLRDIU9RFKU9AFQSEOR9RSGEPDGQBGMYXIQCENBDGYFFS9AJK9GJJZJGEUEW9","level":"info"}
{"message":"Send message {\"sender\":\"KENICAJYD9XQEOATSBMWYPZOIICKHENBUKPHN9FZXCYTMDXVFWOSJNCZCFWQGKRIULOWMMYQVGOEQFQLZ\"} to FODEYEQHYCWYTDEDWZLPCLRDIU9RFKU9AFQSEOR9RSGEPDGQBGMYXIQCENBDGYFFS9AJK9GJJZJGEUEW9","level":"info"}
{"message":"HALLO{\"sender\":\"FODEYEQHYCWYTDEDWZLPCLRDIU9RFKU9AFQSEOR9RSGEPDGQBGMYXIQCENBDGYFFS9AJK9GJJZJGEUEW9\",\"status\":\"OK\",\"mamData\":{\"root\":\"ROOT\",\"sideKey\":\"SIDEKEY\"}}","level":"info"}
{"message":"Retrieving claim result for FODEYEQHYCWYTDEDWZLPCLRDIU9RFKU9AFQSEOR9RSGEPDGQBGMYXIQCENBDGYFFS9AJK9GJJZJGEUEW9","level":"info"}
